<?xml version="1.0" encoding="UTF-8"?>
<testng-results ignored="0" total="1" passed="1" failed="0" skipped="0">
  <reporter-output>
  </reporter-output>
  <suite started-at="2023-08-01T20:17:23 IST" name="Default suite" finished-at="2023-08-01T20:17:24 IST" duration-ms="219">
    <groups>
    </groups>
    <test started-at="2023-08-01T20:17:23 IST" name="Default test" finished-at="2023-08-01T20:17:24 IST" duration-ms="219">
      <class name="vtiger.Pratcie.ReadDataFromCmdLineTest">
        <test-method signature="readDataFromCmd()[pri:0, instance:vtiger.Pratcie.ReadDataFromCmdLineTest@59505b48]" started-at="2023-08-01T20:17:24 IST" name="readDataFromCmd" finished-at="2023-08-01T20:17:24 IST" duration-ms="22" status="PASS">
          <reporter-output>
          </reporter-output>
        </test-method> <!-- readDataFromCmd -->
      </class> <!-- vtiger.Pratcie.ReadDataFromCmdLineTest -->
    </test> <!-- Default test -->
  </suite> <!-- Default suite -->
</testng-results>
